Using pre-set license
Built from '2023.2/staging' branch; Version is '2023.2.20f1 (0e25a174756c) revision 927137'; Using compiler version '193431935'; Build Type 'Release'
OS: 'Windows 10  (10.0.19045) 64bit ProfessionalWorkstation' Language: 'en' Physical Memory: 32679 MB
BatchMode: 1, IsHumanControllingUs: 0, StartBugReporterOnCrash: 0, Is64bit: 1, IsPro: 1

COMMAND LINE ARGUMENTS:
G:\Unity\2023.2.20f1\Editor\Unity.exe
-adb2
-batchMode
-noUpm
-name
AssetImportWorker0
-projectPath
G:/CrabNetDemo/CrabNet Demo Game
-logFile
Logs/AssetImportWorker0.log
-srvPort
51288
-job-worker-count
3
-background-job-worker-count
8
-asset-garbage-collectors
1
Successfully changed project path to: G:/CrabNetDemo/CrabNet Demo Game
G:/CrabNetDemo/CrabNet Demo Game
[UnityMemory] Configuration Parameters - Can be set up in boot.config
    "memorysetup-bucket-allocator-granularity=16"
    "memorysetup-bucket-allocator-bucket-count=8"
    "memorysetup-bucket-allocator-block-size=33554432"
    "memorysetup-bucket-allocator-block-count=8"
    "memorysetup-main-allocator-block-size=16777216"
    "memorysetup-thread-allocator-block-size=16777216"
    "memorysetup-gfx-main-allocator-block-size=16777216"
    "memorysetup-gfx-thread-allocator-block-size=16777216"
    "memorysetup-cache-allocator-block-size=4194304"
    "memorysetup-typetree-allocator-block-size=2097152"
    "memorysetup-profiler-bucket-allocator-granularity=16"
    "memorysetup-profiler-bucket-allocator-bucket-count=8"
    "memorysetup-profiler-bucket-allocator-block-size=33554432"
    "memorysetup-profiler-bucket-allocator-block-count=8"
    "memorysetup-profiler-allocator-block-size=16777216"
    "memorysetup-profiler-editor-allocator-block-size=1048576"
    "memorysetup-temp-allocator-size-main=16777216"
    "memorysetup-job-temp-allocator-block-size=2097152"
    "memorysetup-job-temp-allocator-block-size-background=1048576"
    "memorysetup-job-temp-allocator-reduction-small-platforms=262144"
    "memorysetup-allocator-temp-initial-block-size-main=262144"
    "memorysetup-allocator-temp-initial-block-size-worker=262144"
    "memorysetup-temp-allocator-size-background-worker=32768"
    "memorysetup-temp-allocator-size-job-worker=262144"
    "memorysetup-temp-allocator-size-preload-manager=33554432"
    "memorysetup-temp-allocator-size-nav-mesh-worker=65536"
    "memorysetup-temp-allocator-size-audio-worker=65536"
    "memorysetup-temp-allocator-size-cloud-worker=32768"
    "memorysetup-temp-allocator-size-gi-baking-worker=262144"
    "memorysetup-temp-allocator-size-gi-baking-worker=262144"
    "memorysetup-temp-allocator-size-gi-baking-worker=262144"
    "memorysetup-temp-allocator-size-gi-baking-worker=262144"
    "memorysetup-temp-allocator-size-gfx=262144"
Player connection [15592] Host "[IP] 192.168.1.146 [Port] 0 [Flags] 2 [Guid] 2044646662 [EditorId] 2044646662 [Version] 1048832 [Id] WindowsEditor(7,DESKTOP-K0L41OF) [Debug] 1 [PackageName] WindowsEditor [ProjectName] Editor" joined multi-casting on [225.0.0.222:54997]...
Player connection [15592] Host "[IP] 192.168.1.146 [Port] 0 [Flags] 2 [Guid] 2044646662 [EditorId] 2044646662 [Version] 1048832 [Id] WindowsEditor(7,DESKTOP-K0L41OF) [Debug] 1 [PackageName] WindowsEditor [ProjectName] Editor" joined alternative multi-casting on [225.0.0.222:34997]...
JobSystem: Creating JobQueue using job-worker-count value 3
[Physics::Module] Initialized MultithreadedJobDispatcher with 3 workers.
Library Redirect Path: Library/
Refreshing native plugins compatible for Editor in 0.73 ms, found 3 plugins.
Preloading 0 native plugins for Editor in 0.00 ms.
Initialize engine version: 2023.2.20f1 (0e25a174756c)
[Subsystems] Discovering subsystems at path G:/Unity/2023.2.20f1/Editor/Data/Resources/UnitySubsystems
[Subsystems] Discovering subsystems at path G:/CrabNetDemo/CrabNet Demo Game/Assets
GfxDevice: creating device client; kGfxThreadingModeNonThreaded
Direct3D:
    Version:  Direct3D 11.0 [level 11.1]
    Renderer: NVIDIA GeForce RTX 3060 Ti (ID=0x24c9)
    Vendor:   NVIDIA
    VRAM:     8024 MB
    Driver:   32.0.15.7283
Initialize mono
Mono path[0] = 'G:/Unity/2023.2.20f1/Editor/Data/Managed'
Mono path[1] = 'G:/Unity/2023.2.20f1/Editor/Data/MonoBleedingEdge/lib/mono/unityjit-win32'
Mono config path = 'G:/Unity/2023.2.20f1/Editor/Data/MonoBleedingEdge/etc'
Using monoOptions --debugger-agent=transport=dt_socket,embedding=1,server=y,suspend=n,address=127.0.0.1:56144
Begin MonoManager ReloadAssembly
Registering precompiled unity dll's ...
Register platform support module: G:/Unity/2023.2.20f1/Editor/Data/PlaybackEngines/WindowsStandaloneSupport/UnityEditor.WindowsStandalone.Extensions.dll
Registered in 0.001527 seconds.
- Loaded All Assemblies, in  0.361 seconds
Native extension for WindowsStandalone target not found
Mono: successfully reloaded assembly
- Finished resetting the current domain, in  0.306 seconds
Domain Reload Profiling: 666ms
	BeginReloadAssembly (117ms)
		ExecutionOrderSort (0ms)
		DisableScriptedObjects (0ms)
		BackupInstance (0ms)
		ReleaseScriptingObjects (0ms)
		CreateAndSetChildDomain (1ms)
	RebuildCommonClasses (34ms)
	RebuildNativeTypeToScriptingClass (13ms)
	initialDomainReloadingComplete (42ms)
	LoadAllAssembliesAndSetupDomain (154ms)
		LoadAssemblies (116ms)
		RebuildTransferFunctionScriptingTraits (0ms)
		AnalyzeDomain (152ms)
			TypeCache.Refresh (151ms)
				TypeCache.ScanAssembly (138ms)
			BuildScriptInfoCaches (0ms)
			ResolveRequiredComponents (0ms)
	FinalizeReload (306ms)
		ReleaseScriptCaches (0ms)
		RebuildScriptCaches (0ms)
		SetupLoadedEditorAssemblies (249ms)
			LogAssemblyErrors (0ms)
			InitializePlatformSupportModulesInManaged (9ms)
			SetLoadedEditorAssemblies (6ms)
			BeforeProcessingInitializeOnLoad (6ms)
			ProcessInitializeOnLoadAttributes (181ms)
			ProcessInitializeOnLoadMethodAttributes (48ms)
			AfterProcessingInitializeOnLoad (0ms)
			EditorAssembliesLoaded (0ms)
		ExecutionOrderSort2 (0ms)
		AwakeInstancesAfterBackupRestoration (0ms)
========================================================================
Worker process is ready to serve import requests
Import Worker Mode flag is 0x00
Begin MonoManager ReloadAssembly
Symbol file LoadedFromMemory doesn't match image G:\CrabNetDemo\CrabNet Demo Game\Library\PackageCache\com.unity.visualscripting@1.8.0\Editor\VisualScripting.Core\Dependencies\YamlDotNet\Unity.VisualScripting.YamlDotNet.dll
Symbol file LoadedFromMemory doesn't match image G:\CrabNetDemo\CrabNet Demo Game\Library\PackageCache\com.unity.visualscripting@1.8.0\Editor\VisualScripting.Core\Dependencies\DotNetZip\Unity.VisualScripting.IonicZip.dll
- Loaded All Assemblies, in  0.895 seconds
Refreshing native plugins compatible for Editor in 0.36 ms, found 3 plugins.
Native extension for WindowsStandalone target not found
Mono: successfully reloaded assembly
- Finished resetting the current domain, in  0.789 seconds
Domain Reload Profiling: 1683ms
	BeginReloadAssembly (349ms)
		ExecutionOrderSort (0ms)
		DisableScriptedObjects (6ms)
		BackupInstance (0ms)
		ReleaseScriptingObjects (0ms)
		CreateAndSetChildDomain (32ms)
	RebuildCommonClasses (35ms)
	RebuildNativeTypeToScriptingClass (13ms)
	initialDomainReloadingComplete (34ms)
	LoadAllAssembliesAndSetupDomain (463ms)
		LoadAssemblies (361ms)
		RebuildTransferFunctionScriptingTraits (0ms)
		AnalyzeDomain (193ms)
			TypeCache.Refresh (151ms)
				TypeCache.ScanAssembly (138ms)
			BuildScriptInfoCaches (29ms)
			ResolveRequiredComponents (11ms)
	FinalizeReload (790ms)
		ReleaseScriptCaches (0ms)
		RebuildScriptCaches (0ms)
		SetupLoadedEditorAssemblies (561ms)
			LogAssemblyErrors (0ms)
			InitializePlatformSupportModulesInManaged (2ms)
			SetLoadedEditorAssemblies (5ms)
			BeforeProcessingInitializeOnLoad (94ms)
			ProcessInitializeOnLoadAttributes (422ms)
			ProcessInitializeOnLoadMethodAttributes (36ms)
			AfterProcessingInitializeOnLoad (2ms)
			EditorAssembliesLoaded (0ms)
		ExecutionOrderSort2 (0ms)
		AwakeInstancesAfterBackupRestoration (9ms)
Launched and connected shader compiler UnityShaderCompiler.exe after 0.01 seconds
Refreshing native plugins compatible for Editor in 0.46 ms, found 3 plugins.
Preloading 0 native plugins for Editor in 0.00 ms.
Unloading 183 Unused Serialized files (Serialized files now loaded: 0)
Unloading 5250 unused Assets / (5.1 MB). Loaded Objects now: 5954.
Memory consumption went from 165.0 MB to 159.8 MB.
Total: 9.495300 ms (FindLiveObjects: 0.689400 ms CreateObjectMapping: 1.222000 ms MarkObjects: 4.633300 ms  DeleteObjects: 2.949600 ms)

========================================================================
Received Prepare
Refreshing native plugins compatible for Editor in 0.43 ms, found 3 plugins.
Preloading 0 native plugins for Editor in 0.00 ms.
Unloading 21 Unused Serialized files (Serialized files now loaded: 0)
Unloading 5244 unused Assets / (5.1 MB). Loaded Objects now: 5955.
Memory consumption went from 134.2 MB to 129.1 MB.
Total: 8.889000 ms (FindLiveObjects: 0.621200 ms CreateObjectMapping: 0.845000 ms MarkObjects: 4.797100 ms  DeleteObjects: 2.624500 ms)

Prepare: number of updated asset objects reloaded= 0
========================================================================
Received Import Request.
  Time since last request: 9610.752890 seconds.
  path: Assets/CrabNet/RPC/RpcAttribute.cs
  artifactKey: Guid(d0267d85f45e8e945b4091fe7eda53b1) Importer(815301076,1909f56bfc062723c751e8b465ee728b)
Start importing Assets/CrabNet/RPC/RpcAttribute.cs using Guid(d0267d85f45e8e945b4091fe7eda53b1) Importer(815301076,1909f56bfc062723c751e8b465ee728b) (PreviewImporter) -> (artifact id: 'f9dcce5342cdc14a8326c7700790bbc2') in 0.0079766 seconds
Number of updated asset objects reloaded before import = 0Number of asset objects unloaded after import = 0

========================================================================
Received Prepare
Begin MonoManager ReloadAssembly
Symbol file LoadedFromMemory doesn't match image G:\CrabNetDemo\CrabNet Demo Game\Library\PackageCache\com.unity.visualscripting@1.8.0\Editor\VisualScripting.Core\Dependencies\YamlDotNet\Unity.VisualScripting.YamlDotNet.dll
Symbol file LoadedFromMemory doesn't match image G:\CrabNetDemo\CrabNet Demo Game\Library\PackageCache\com.unity.visualscripting@1.8.0\Editor\VisualScripting.Core\Dependencies\DotNetZip\Unity.VisualScripting.IonicZip.dll
- Loaded All Assemblies, in  0.767 seconds
Refreshing native plugins compatible for Editor in 0.86 ms, found 3 plugins.
Native extension for WindowsStandalone target not found
Mono: successfully reloaded assembly
- Finished resetting the current domain, in  0.859 seconds
Domain Reload Profiling: 1627ms
	BeginReloadAssembly (266ms)
		ExecutionOrderSort (0ms)
		DisableScriptedObjects (5ms)
		BackupInstance (0ms)
		ReleaseScriptingObjects (0ms)
		CreateAndSetChildDomain (58ms)
	RebuildCommonClasses (69ms)
	RebuildNativeTypeToScriptingClass (21ms)
	initialDomainReloadingComplete (30ms)
	LoadAllAssembliesAndSetupDomain (383ms)
		LoadAssemblies (399ms)
		RebuildTransferFunctionScriptingTraits (0ms)
		AnalyzeDomain (145ms)
			TypeCache.Refresh (8ms)
				TypeCache.ScanAssembly (1ms)
			BuildScriptInfoCaches (123ms)
			ResolveRequiredComponents (11ms)
	FinalizeReload (859ms)
		ReleaseScriptCaches (0ms)
		RebuildScriptCaches (0ms)
		SetupLoadedEditorAssemblies (618ms)
			LogAssemblyErrors (0ms)
			InitializePlatformSupportModulesInManaged (3ms)
			SetLoadedEditorAssemblies (4ms)
			BeforeProcessingInitializeOnLoad (102ms)
			ProcessInitializeOnLoadAttributes (430ms)
			ProcessInitializeOnLoadMethodAttributes (77ms)
			AfterProcessingInitializeOnLoad (2ms)
			EditorAssembliesLoaded (0ms)
		ExecutionOrderSort2 (0ms)
		AwakeInstancesAfterBackupRestoration (25ms)
Refreshing native plugins compatible for Editor in 0.47 ms, found 3 plugins.
Preloading 0 native plugins for Editor in 0.00 ms.
Unloading 22 Unused Serialized files (Serialized files now loaded: 0)
Unloading 5249 unused Assets / (5.4 MB). Loaded Objects now: 5958.
Memory consumption went from 138.5 MB to 133.1 MB.
Total: 9.353100 ms (FindLiveObjects: 0.649600 ms CreateObjectMapping: 0.945300 ms MarkObjects: 4.439900 ms  DeleteObjects: 3.317100 ms)

Prepare: number of updated asset objects reloaded= 0
========================================================================
Received Prepare
Refreshing native plugins compatible for Editor in 0.46 ms, found 3 plugins.
Preloading 0 native plugins for Editor in 0.00 ms.
Unloading 21 Unused Serialized files (Serialized files now loaded: 0)
Unloading 5244 unused Assets / (5.4 MB). Loaded Objects now: 5958.
Memory consumption went from 138.5 MB to 133.1 MB.
Total: 9.335700 ms (FindLiveObjects: 0.751100 ms CreateObjectMapping: 1.225200 ms MarkObjects: 4.129000 ms  DeleteObjects: 3.229300 ms)

Prepare: number of updated asset objects reloaded= 0
========================================================================
Received Import Request.
  Time since last request: 149.050448 seconds.
  path: Assets/CrabNet/RPC/RpcAttribute.cs
  artifactKey: Guid(d0267d85f45e8e945b4091fe7eda53b1) Importer(815301076,1909f56bfc062723c751e8b465ee728b)
Start importing Assets/CrabNet/RPC/RpcAttribute.cs using Guid(d0267d85f45e8e945b4091fe7eda53b1) Importer(815301076,1909f56bfc062723c751e8b465ee728b) (PreviewImporter) -> (artifact id: 'e0654aa5815ea3361aeb133c84268168') in 0.0111731 seconds
Number of updated asset objects reloaded before import = 0Number of asset objects unloaded after import = 0

========================================================================
Received Prepare
Begin MonoManager ReloadAssembly
Symbol file LoadedFromMemory doesn't match image G:\CrabNetDemo\CrabNet Demo Game\Library\PackageCache\com.unity.visualscripting@1.8.0\Editor\VisualScripting.Core\Dependencies\YamlDotNet\Unity.VisualScripting.YamlDotNet.dll
Symbol file LoadedFromMemory doesn't match image G:\CrabNetDemo\CrabNet Demo Game\Library\PackageCache\com.unity.visualscripting@1.8.0\Editor\VisualScripting.Core\Dependencies\DotNetZip\Unity.VisualScripting.IonicZip.dll
- Loaded All Assemblies, in  0.595 seconds
Refreshing native plugins compatible for Editor in 0.39 ms, found 3 plugins.
Native extension for WindowsStandalone target not found
Mono: successfully reloaded assembly
- Finished resetting the current domain, in  0.758 seconds
Domain Reload Profiling: 1355ms
	BeginReloadAssembly (173ms)
		ExecutionOrderSort (0ms)
		DisableScriptedObjects (4ms)
		BackupInstance (0ms)
		ReleaseScriptingObjects (0ms)
		CreateAndSetChildDomain (44ms)
	RebuildCommonClasses (32ms)
	RebuildNativeTypeToScriptingClass (13ms)
	initialDomainReloadingComplete (22ms)
	LoadAllAssembliesAndSetupDomain (356ms)
		LoadAssemblies (300ms)
		RebuildTransferFunctionScriptingTraits (0ms)
		AnalyzeDomain (145ms)
			TypeCache.Refresh (8ms)
				TypeCache.ScanAssembly (1ms)
			BuildScriptInfoCaches (123ms)
			ResolveRequiredComponents (10ms)
	FinalizeReload (758ms)
		ReleaseScriptCaches (0ms)
		RebuildScriptCaches (0ms)
		SetupLoadedEditorAssemblies (545ms)
			LogAssemblyErrors (0ms)
			InitializePlatformSupportModulesInManaged (3ms)
			SetLoadedEditorAssemblies (4ms)
			BeforeProcessingInitializeOnLoad (98ms)
			ProcessInitializeOnLoadAttributes (404ms)
			ProcessInitializeOnLoadMethodAttributes (35ms)
			AfterProcessingInitializeOnLoad (2ms)
			EditorAssembliesLoaded (0ms)
		ExecutionOrderSort2 (0ms)
		AwakeInstancesAfterBackupRestoration (19ms)
Refreshing native plugins compatible for Editor in 0.45 ms, found 3 plugins.
Preloading 0 native plugins for Editor in 0.00 ms.
Unloading 21 Unused Serialized files (Serialized files now loaded: 0)
Unloading 5249 unused Assets / (5.4 MB). Loaded Objects now: 5958.
Memory consumption went from 140.3 MB to 134.9 MB.
Total: 10.463800 ms (FindLiveObjects: 0.877800 ms CreateObjectMapping: 1.191600 ms MarkObjects: 5.148700 ms  DeleteObjects: 3.244600 ms)

Prepare: number of updated asset objects reloaded= 0
========================================================================
Received Prepare
Refreshing native plugins compatible for Editor in 0.49 ms, found 3 plugins.
Preloading 0 native plugins for Editor in 0.00 ms.
Unloading 21 Unused Serialized files (Serialized files now loaded: 0)
Unloading 5245 unused Assets / (5.0 MB). Loaded Objects now: 5959.
Memory consumption went from 140.4 MB to 135.4 MB.
Total: 8.591300 ms (FindLiveObjects: 0.648200 ms CreateObjectMapping: 1.004100 ms MarkObjects: 4.198200 ms  DeleteObjects: 2.740000 ms)

Prepare: number of updated asset objects reloaded= 0
========================================================================
Received Import Request.
  Time since last request: 36.230637 seconds.
  path: Assets/CrabNet/RPC/RPCSystem.cs
  artifactKey: Guid(a4a0b0e1aaf05b94fa3f811d0fe53519) Importer(815301076,1909f56bfc062723c751e8b465ee728b)
Start importing Assets/CrabNet/RPC/RPCSystem.cs using Guid(a4a0b0e1aaf05b94fa3f811d0fe53519) Importer(815301076,1909f56bfc062723c751e8b465ee728b) (PreviewImporter) -> (artifact id: 'b3e3fea544d9e5b36dcc1165e98049dc') in 0.0161837 seconds
Number of updated asset objects reloaded before import = 0Number of asset objects unloaded after import = 0

========================================================================
Received Prepare
Begin MonoManager ReloadAssembly
Symbol file LoadedFromMemory doesn't match image G:\CrabNetDemo\CrabNet Demo Game\Library\PackageCache\com.unity.visualscripting@1.8.0\Editor\VisualScripting.Core\Dependencies\YamlDotNet\Unity.VisualScripting.YamlDotNet.dll
Symbol file LoadedFromMemory doesn't match image G:\CrabNetDemo\CrabNet Demo Game\Library\PackageCache\com.unity.visualscripting@1.8.0\Editor\VisualScripting.Core\Dependencies\DotNetZip\Unity.VisualScripting.IonicZip.dll
- Loaded All Assemblies, in  0.589 seconds
Refreshing native plugins compatible for Editor in 0.37 ms, found 3 plugins.
Native extension for WindowsStandalone target not found
Mono: successfully reloaded assembly
- Finished resetting the current domain, in  0.758 seconds
Domain Reload Profiling: 1349ms
	BeginReloadAssembly (169ms)
		ExecutionOrderSort (0ms)
		DisableScriptedObjects (5ms)
		BackupInstance (0ms)
		ReleaseScriptingObjects (0ms)
		CreateAndSetChildDomain (43ms)
	RebuildCommonClasses (32ms)
	RebuildNativeTypeToScriptingClass (13ms)
	initialDomainReloadingComplete (22ms)
	LoadAllAssembliesAndSetupDomain (354ms)
		LoadAssemblies (300ms)
		RebuildTransferFunctionScriptingTraits (0ms)
		AnalyzeDomain (142ms)
			TypeCache.Refresh (8ms)
				TypeCache.ScanAssembly (1ms)
			BuildScriptInfoCaches (120ms)
			ResolveRequiredComponents (10ms)
	FinalizeReload (758ms)
		ReleaseScriptCaches (0ms)
		RebuildScriptCaches (0ms)
		SetupLoadedEditorAssemblies (545ms)
			LogAssemblyErrors (0ms)
			InitializePlatformSupportModulesInManaged (3ms)
			SetLoadedEditorAssemblies (6ms)
			BeforeProcessingInitializeOnLoad (95ms)
			ProcessInitializeOnLoadAttributes (404ms)
			ProcessInitializeOnLoadMethodAttributes (36ms)
			AfterProcessingInitializeOnLoad (2ms)
			EditorAssembliesLoaded (0ms)
		ExecutionOrderSort2 (0ms)
		AwakeInstancesAfterBackupRestoration (20ms)
Refreshing native plugins compatible for Editor in 0.44 ms, found 3 plugins.
Preloading 0 native plugins for Editor in 0.00 ms.
Unloading 21 Unused Serialized files (Serialized files now loaded: 0)
Unloading 5250 unused Assets / (5.0 MB). Loaded Objects now: 5959.
Memory consumption went from 142.2 MB to 137.2 MB.
Total: 9.202500 ms (FindLiveObjects: 0.854500 ms CreateObjectMapping: 1.171900 ms MarkObjects: 4.449400 ms  DeleteObjects: 2.725500 ms)

Prepare: number of updated asset objects reloaded= 0
========================================================================
Received Import Request.
  Time since last request: 5.721171 seconds.
  path: Assets/CrabNet/RPC/RPCSystem.cs
  artifactKey: Guid(a4a0b0e1aaf05b94fa3f811d0fe53519) Importer(815301076,1909f56bfc062723c751e8b465ee728b)
Start importing Assets/CrabNet/RPC/RPCSystem.cs using Guid(a4a0b0e1aaf05b94fa3f811d0fe53519) Importer(815301076,1909f56bfc062723c751e8b465ee728b) (PreviewImporter) -> (artifact id: 'c8585d1f1d213ea4f13999f563638ec9') in 0.0075074 seconds
Number of updated asset objects reloaded before import = 0Number of asset objects unloaded after import = 0

========================================================================
Received Import Request.
  Time since last request: 50.322963 seconds.
  path: Assets/CrabNet/Client/Scripts
  artifactKey: Guid(2251d3c9edb0ffa4e9d2b14665159cf1) Importer(815301076,1909f56bfc062723c751e8b465ee728b)
Start importing Assets/CrabNet/Client/Scripts using Guid(2251d3c9edb0ffa4e9d2b14665159cf1) Importer(815301076,1909f56bfc062723c751e8b465ee728b) (PreviewImporter) -> (artifact id: 'd2fa430fccf44ca2248cce7f2b43dfb1') in 0.0004328 seconds
Number of updated asset objects reloaded before import = 0Number of asset objects unloaded after import = 0

========================================================================
Received Import Request.
  Time since last request: 2.806160 seconds.
  path: Assets/CrabNet/Client/Scripts/Packet.cs
  artifactKey: Guid(5cf4706d3e8d51e4fbbab0fbda620227) Importer(815301076,1909f56bfc062723c751e8b465ee728b)
Start importing Assets/CrabNet/Client/Scripts/Packet.cs using Guid(5cf4706d3e8d51e4fbbab0fbda620227) Importer(815301076,1909f56bfc062723c751e8b465ee728b) (PreviewImporter) -> (artifact id: '389eb106f8b055ccbfb112b5bf1329b4') in 0.0004426 seconds
Number of updated asset objects reloaded before import = 0Number of asset objects unloaded after import = 0

========================================================================
Received Prepare
Refreshing native plugins compatible for Editor in 0.46 ms, found 3 plugins.
Preloading 0 native plugins for Editor in 0.00 ms.
Unloading 21 Unused Serialized files (Serialized files now loaded: 0)
Unloading 5246 unused Assets / (4.9 MB). Loaded Objects now: 5960.
Memory consumption went from 142.5 MB to 137.6 MB.
Total: 9.209900 ms (FindLiveObjects: 0.677200 ms CreateObjectMapping: 1.077600 ms MarkObjects: 4.866500 ms  DeleteObjects: 2.586600 ms)

Prepare: number of updated asset objects reloaded= 0
========================================================================
Received Import Request.
  Time since last request: 527.832982 seconds.
  path: Assets/CrabNet/Server/Scripts/NetworkManager.cs
  artifactKey: Guid(4693e9532c2c5c8438cf1b69f92ef2fc) Importer(815301076,1909f56bfc062723c751e8b465ee728b)
Start importing Assets/CrabNet/Server/Scripts/NetworkManager.cs using Guid(4693e9532c2c5c8438cf1b69f92ef2fc) Importer(815301076,1909f56bfc062723c751e8b465ee728b) (PreviewImporter) -> (artifact id: 'cb82baa2873ad5324e2f67df6c206cc2') in 0.0042378 seconds
Number of updated asset objects reloaded before import = 0Number of asset objects unloaded after import = 0

========================================================================
Received Prepare
Refreshing native plugins compatible for Editor in 0.62 ms, found 3 plugins.
Preloading 0 native plugins for Editor in 0.00 ms.
Unloading 21 Unused Serialized files (Serialized files now loaded: 0)
Unloading 5248 unused Assets / (7.8 MB). Loaded Objects now: 5962.
Memory consumption went from 142.5 MB to 134.6 MB.
Total: 25.505600 ms (FindLiveObjects: 0.883400 ms CreateObjectMapping: 1.143500 ms MarkObjects: 5.923500 ms  DeleteObjects: 17.553400 ms)

Prepare: number of updated asset objects reloaded= 0
========================================================================
Received Import Request.
  Time since last request: 873.011545 seconds.
  path: Assets/CrabNet/Server/Scripts/ServerHandle.cs
  artifactKey: Guid(f460961833a4ec94cbc291c4f8cb416e) Importer(815301076,1909f56bfc062723c751e8b465ee728b)
Start importing Assets/CrabNet/Server/Scripts/ServerHandle.cs using Guid(f460961833a4ec94cbc291c4f8cb416e) Importer(815301076,1909f56bfc062723c751e8b465ee728b) (PreviewImporter) -> (artifact id: '4fa7972c5c679b11b0eeb4d06f3579c1') in 0.0046668 seconds
Number of updated asset objects reloaded before import = 0Number of asset objects unloaded after import = 0

========================================================================
Received Import Request.
  Time since last request: 3.867384 seconds.
  path: Assets/CrabNet/Client/Scripts/NetworkMessageHandler.cs
  artifactKey: Guid(1920fcc3f9ff4aa43a592fe316940a61) Importer(815301076,1909f56bfc062723c751e8b465ee728b)
Start importing Assets/CrabNet/Client/Scripts/NetworkMessageHandler.cs using Guid(1920fcc3f9ff4aa43a592fe316940a61) Importer(815301076,1909f56bfc062723c751e8b465ee728b) (PreviewImporter) -> (artifact id: '2f23358566a0babf79425e554401e186') in 0.0004311 seconds
Number of updated asset objects reloaded before import = 0Number of asset objects unloaded after import = 0

========================================================================
Received Prepare
Refreshing native plugins compatible for Editor in 0.51 ms, found 3 plugins.
Preloading 0 native plugins for Editor in 0.00 ms.
Unloading 21 Unused Serialized files (Serialized files now loaded: 0)
Unloading 5250 unused Assets / (5.1 MB). Loaded Objects now: 5964.
Memory consumption went from 142.5 MB to 137.3 MB.
Total: 66.782900 ms (FindLiveObjects: 1.817200 ms CreateObjectMapping: 1.342500 ms MarkObjects: 59.904900 ms  DeleteObjects: 3.716200 ms)

Prepare: number of updated asset objects reloaded= 0
========================================================================
Received Import Request.
  Time since last request: 12112.572957 seconds.
  path: Assets/CrabNet/Client/Scripts/ClientHandle.cs
  artifactKey: Guid(fd09082f7920a5749be78b75b2fda4d7) Importer(815301076,1909f56bfc062723c751e8b465ee728b)
Start importing Assets/CrabNet/Client/Scripts/ClientHandle.cs using Guid(fd09082f7920a5749be78b75b2fda4d7) Importer(815301076,1909f56bfc062723c751e8b465ee728b) (PreviewImporter) -> (artifact id: '39027883acadb79d030a1507f545b63e') in 0.0347771 seconds
Number of updated asset objects reloaded before import = 0Number of asset objects unloaded after import = 0

========================================================================
Received Prepare
Refreshing native plugins compatible for Editor in 0.45 ms, found 3 plugins.
Preloading 0 native plugins for Editor in 0.00 ms.
Unloading 21 Unused Serialized files (Serialized files now loaded: 0)
Unloading 5248 unused Assets / (5.0 MB). Loaded Objects now: 5962.
Memory consumption went from 142.5 MB to 137.5 MB.
Total: 8.776300 ms (FindLiveObjects: 0.690500 ms CreateObjectMapping: 1.146300 ms MarkObjects: 4.135600 ms  DeleteObjects: 2.802700 ms)

Prepare: number of updated asset objects reloaded= 0
========================================================================
Received Prepare
Refreshing native plugins compatible for Editor in 0.46 ms, found 3 plugins.
Preloading 0 native plugins for Editor in 0.00 ms.
Unloading 21 Unused Serialized files (Serialized files now loaded: 0)
Unloading 5248 unused Assets / (4.9 MB). Loaded Objects now: 5962.
Memory consumption went from 142.5 MB to 137.5 MB.
Total: 8.772300 ms (FindLiveObjects: 0.678700 ms CreateObjectMapping: 1.447700 ms MarkObjects: 4.101000 ms  DeleteObjects: 2.543900 ms)

Prepare: number of updated asset objects reloaded= 0
========================================================================
Received Prepare
Refreshing native plugins compatible for Editor in 0.95 ms, found 3 plugins.
Preloading 0 native plugins for Editor in 0.00 ms.
Unloading 21 Unused Serialized files (Serialized files now loaded: 0)
Unloading 5248 unused Assets / (5.3 MB). Loaded Objects now: 5962.
Memory consumption went from 142.5 MB to 137.2 MB.
Total: 15.943200 ms (FindLiveObjects: 0.829500 ms CreateObjectMapping: 2.863200 ms MarkObjects: 7.583700 ms  DeleteObjects: 4.665900 ms)

Prepare: number of updated asset objects reloaded= 0
========================================================================
Received Prepare
Refreshing native plugins compatible for Editor in 0.82 ms, found 3 plugins.
Preloading 0 native plugins for Editor in 0.00 ms.
Unloading 21 Unused Serialized files (Serialized files now loaded: 0)
Unloading 5248 unused Assets / (5.1 MB). Loaded Objects now: 5962.
Memory consumption went from 142.5 MB to 137.4 MB.
Total: 9.359700 ms (FindLiveObjects: 0.736100 ms CreateObjectMapping: 1.234700 ms MarkObjects: 4.281800 ms  DeleteObjects: 3.105900 ms)

Prepare: number of updated asset objects reloaded= 0
========================================================================
Received Prepare
Refreshing native plugins compatible for Editor in 0.44 ms, found 3 plugins.
Preloading 0 native plugins for Editor in 0.00 ms.
Unloading 21 Unused Serialized files (Serialized files now loaded: 0)
Unloading 5248 unused Assets / (5.2 MB). Loaded Objects now: 5962.
Memory consumption went from 142.5 MB to 137.3 MB.
Total: 8.496500 ms (FindLiveObjects: 0.663200 ms CreateObjectMapping: 1.085300 ms MarkObjects: 3.916300 ms  DeleteObjects: 2.830800 ms)

Prepare: number of updated asset objects reloaded= 0
========================================================================
Received Prepare
Refreshing native plugins compatible for Editor in 0.59 ms, found 3 plugins.
Preloading 0 native plugins for Editor in 0.00 ms.
Unloading 21 Unused Serialized files (Serialized files now loaded: 0)
Unloading 5248 unused Assets / (4.9 MB). Loaded Objects now: 5962.
Memory consumption went from 142.5 MB to 137.5 MB.
Total: 8.792400 ms (FindLiveObjects: 0.688900 ms CreateObjectMapping: 0.970200 ms MarkObjects: 4.684000 ms  DeleteObjects: 2.448300 ms)

Prepare: number of updated asset objects reloaded= 0
========================================================================
Received Import Request.
  Time since last request: 537.870233 seconds.
  path: Assets/Prefabs/Enemy Prefabs/EnemyManager.prefab
  artifactKey: Guid(9f6b82c8005eeb540b2ba4edd6ad9f75) Importer(815301076,1909f56bfc062723c751e8b465ee728b)
Start importing Assets/Prefabs/Enemy Prefabs/EnemyManager.prefab using Guid(9f6b82c8005eeb540b2ba4edd6ad9f75) Importer(815301076,1909f56bfc062723c751e8b465ee728b) (PreviewImporter) -> (artifact id: 'e55e11ac24dc796ac505bc69d545f77d') in 0.1073497 seconds
Number of updated asset objects reloaded before import = 0Number of asset objects unloaded after import = 31

========================================================================
Received Import Request.
  Time since last request: 0.353882 seconds.
  path: Assets/Prefabs/Bullet Effects/BulletImpact.prefab
  artifactKey: Guid(e3fadce6e15013148ab9eb8c5ca4a26c) Importer(815301076,1909f56bfc062723c751e8b465ee728b)
Start importing Assets/Prefabs/Bullet Effects/BulletImpact.prefab using Guid(e3fadce6e15013148ab9eb8c5ca4a26c) Importer(815301076,1909f56bfc062723c751e8b465ee728b) (PreviewImporter) -> (artifact id: '9c3504cad71a753476bdb70c20abad54') in 0.358748 seconds
Number of updated asset objects reloaded before import = 0Number of asset objects unloaded after import = 40

========================================================================
Received Import Request.
  Time since last request: 0.000025 seconds.
  path: Assets/Prefabs/Bullet Effects/MuzzleFlash.prefab
  artifactKey: Guid(fde21dacac9cba742aeade649e00d2b9) Importer(815301076,1909f56bfc062723c751e8b465ee728b)
Start importing Assets/Prefabs/Bullet Effects/MuzzleFlash.prefab using Guid(fde21dacac9cba742aeade649e00d2b9) Importer(815301076,1909f56bfc062723c751e8b465ee728b) (PreviewImporter) -> (artifact id: 'ff4f6bb37022433d31b454baab559782') in 0.0159894 seconds
Number of updated asset objects reloaded before import = 0Number of asset objects unloaded after import = 29

